<?xml version="1.0" encoding="UTF-8"?>
<!-- Generated by org.testng.reporters.JUnitReportReporter -->
<testsuite hostname="primas-Air" failures="0" tests="2" name="com.qa.actionclassdemo.VerifyFaceBookLogo" time="14.816" errors="0" timestamp="2022-05-26T17:47:00 EDT" skipped="0">
  <testcase classname="com.qa.actionclassdemo.VerifyFaceBookLogo" name="messageDisplayTest" time="8.549"/>
  <system-out/>
  <testcase classname="com.qa.actionclassdemo.VerifyFaceBookLogo" name="logoDisplayTest" time="6.267"/>
  <system-out/>
</testsuite> <!-- com.qa.actionclassdemo.VerifyFaceBookLogo -->
