<?xml version="1.0" encoding="UTF-8"?>
<!-- Generated by org.testng.reporters.JUnitReportReporter -->
<testsuite hostname="primas-MacBook-Air.local" failures="0" tests="2" name="com.qa.assertconcepts.SoftAssertDemo" time="11.781" errors="0" timestamp="2022-05-27T11:22:23 EDT" skipped="0">
  <testcase classname="com.qa.assertconcepts.SoftAssertDemo" name="orangeHRMTitleTest" time="4.664"/>
  <system-out/>
  <testcase classname="com.qa.assertconcepts.SoftAssertDemo" name="loginPanelText" time="7.117"/>
  <system-out/>
</testsuite> <!-- com.qa.assertconcepts.SoftAssertDemo -->
