<?xml version="1.0" encoding="UTF-8"?>
<!-- Generated by org.testng.reporters.JUnitReportReporter -->
<testsuite hostname="primas-MacBook-Air.local" failures="0" tests="4" name="com.qa.testngdemo.TestNGDemoClass" time="0.017" errors="0" timestamp="2022-05-20T13:33:14 EDT" skipped="0">
  <testcase classname="com.qa.testngdemo.TestNGDemoClass" name="testMethod1" time="0.006"/>
  <system-out/>
  <testcase classname="com.qa.testngdemo.TestNGDemoClass" name="testMethod2" time="0.006"/>
  <system-out/>
  <testcase classname="com.qa.testngdemo.TestNGDemoClass" name="testMethod4" time="0.002"/>
  <system-out/>
  <testcase classname="com.qa.testngdemo.TestNGDemoClass" name="testMethod3" time="0.003"/>
  <system-out/>
</testsuite> <!-- com.qa.testngdemo.TestNGDemoClass -->
