<?xml version="1.0" encoding="UTF-8"?>
<!-- Generated by org.testng.reporters.JUnitReportReporter -->
<testsuite hostname="primas-Air" failures="0" tests="2" name="com.qa.assertconcepts.HardAssertDemo" time="11.084" errors="0" timestamp="2022-05-26T17:44:36 EDT" skipped="0">
  <testcase classname="com.qa.assertconcepts.HardAssertDemo" name="orangeHRMTitleTest" time="4.740"/>
  <system-out/>
  <testcase classname="com.qa.assertconcepts.HardAssertDemo" name="logoDisplayed" time="6.344"/>
  <system-out/>
</testsuite> <!-- com.qa.assertconcepts.HardAssertDemo -->
