<?xml version="1.0" encoding="UTF-8"?>
<!-- Generated by org.testng.reporters.JUnitReportReporter -->
<testsuite hostname="primas-Air" failures="0" tests="3" name="com.qa.testngdemo.TESTNGFeatures" time="0.009" errors="0" timestamp="2022-05-20T20:15:09 EDT" skipped="0">
  <testcase classname="com.qa.testngdemo.TESTNGFeatures" name="abcMethod" time="0.006"/>
  <system-out/>
  <testcase classname="com.qa.testngdemo.TESTNGFeatures" name="stringConcat" time="0.002"/>
  <system-out/>
  <testcase classname="com.qa.testngdemo.TESTNGFeatures" name="addition" time="0.001"/>
  <system-out/>
</testsuite> <!-- com.qa.testngdemo.TESTNGFeatures -->
