<?xml version="1.0" encoding="UTF-8"?>
<!-- Generated by org.testng.reporters.JUnitReportReporter -->
<testsuite hostname="primas-MacBook-Air.local" failures="0" tests="1" name="com.qa.ddtesting.FacebookDDT" time="0.000" errors="0" timestamp="2022-05-23T13:04:47 EDT" skipped="1">
  <testcase classname="com.qa.ddtesting.FacebookDDT" name="FBLoginUser" time="0.000">
    <skipped/>
  </testcase> <!-- FBLoginUser -->
  <system-out/>
</testsuite> <!-- com.qa.ddtesting.FacebookDDT -->
